<?xml version="1.0" encoding="UTF-8"?>
<!-- Generated by org.testng.reporters.JUnitXMLReporter -->
<testsuite ignored="0" hostname="Chinni-PC" failures="0" tests="3" name="Default test" time="3.269" errors="0" timestamp="2023-10-22T20:54:15 IST">
  <testcase classname="demo.LibraryPractice" name="libraryCollection" time="2.224"/>
  <testcase classname="demo.LibraryPractice" name="libraryCollection" time="0.522"/>
  <testcase classname="demo.LibraryPractice" name="libraryCollection" time="0.481"/>
</testsuite> <!-- Default test -->
